<?xml version="1.0" encoding="UTF-8"?>
<testng-results ignored="0" total="1" passed="1" failed="0" skipped="0">
  <reporter-output>
  </reporter-output>
  <suite started-at="2024-03-18T16:59:22 EDT" name="Default suite" finished-at="2024-03-18T16:59:33 EDT" duration-ms="10913">
    <groups>
    </groups>
    <test started-at="2024-03-18T16:59:22 EDT" name="Default test" finished-at="2024-03-18T16:59:33 EDT" duration-ms="10913">
      <class name="com.naveenautomation.pagechaining.tests.TransactionsPageTest">
        <test-method is-config="true" signature="setUpLogger()[pri:0, instance:com.naveenautomation.pagechaining.tests.TransactionsPageTest@3b0fe47a]" started-at="2024-03-18T16:59:22 EDT" name="setUpLogger" finished-at="2024-03-18T16:59:22 EDT" duration-ms="194" status="PASS">
          <reporter-output>
          </reporter-output>
        </test-method> <!-- setUpLogger -->
        <test-method is-config="true" signature="launchBrowser()[pri:0, instance:com.naveenautomation.pagechaining.tests.TransactionsPageTest@3b0fe47a]" started-at="2024-03-18T16:59:22 EDT" name="launchBrowser" finished-at="2024-03-18T16:59:29 EDT" duration-ms="7443" status="PASS">
          <reporter-output>
          </reporter-output>
        </test-method> <!-- launchBrowser -->
        <test-method signature="validateNewsLetterPageNavigation()[pri:0, instance:com.naveenautomation.pagechaining.tests.TransactionsPageTest@3b0fe47a]" started-at="2024-03-18T16:59:29 EDT" name="validateNewsLetterPageNavigation" finished-at="2024-03-18T16:59:33 EDT" duration-ms="3410" status="PASS">
          <reporter-output>
          </reporter-output>
        </test-method> <!-- validateNewsLetterPageNavigation -->
      </class> <!-- com.naveenautomation.pagechaining.tests.TransactionsPageTest -->
    </test> <!-- Default test -->
  </suite> <!-- Default suite -->
</testng-results>
